static BeginRule begin_rule;
static MethodRule method_rule;
static UrlRule url_rule;
static MethodRule method_rule;
static HeaderKeyRule headerkey_rule;
static HeaderValueRule headervalue_rule;
static BodyRule body_rule;
static EndRule end_rule;
static RollbackRule rollback_rule;
static InvalidRule invalid_rule;
HttpParser::BeginRule begin_rule;
HttpParser::MethodRule method_rule;
HttpParser::UrlRule url_rule;
HttpParser::MethodRule method_rule;
HttpParser::HeaderKeyRule headerkey_rule;
HttpParser::HeaderValueRule headervalue_rule;
HttpParser::BodyRule body_rule;
HttpParser::EndRule end_rule;
HttpParser::RollbackRule rollback_rule;
HttpParser::InvalidRule invalid_rule;
